#-----------------------------------------------------------
# Vivado v2021.1 (64-bit)
# SW Build 3247384 on Thu Jun 10 19:36:33 MDT 2021
# IP Build 3246043 on Fri Jun 11 00:30:35 MDT 2021
# Start of session at: Sun Apr 21 12:19:19 2024
# Process ID: 14296
# Current directory: C:/Users/sb734/Documents/project_new
# Command line: vivado.exe -gui_launcher_event rodinguilauncherevent13640 C:\Users\sb734\Documents\project_new\processor.xpr
# Log file: C:/Users/sb734/Documents/project_new/vivado.log
# Journal file: C:/Users/sb734/Documents/project_new\vivado.jou
#-----------------------------------------------------------
start_gui
open_project C:/Users/sb734/Documents/project_new/processor.xpr
INFO: [Project 1-313] Project file moved from 'C:/Users/sek49/Documents/project_new' since last save.
WARNING: [filemgmt 56-2] Default IP Output Path : Could not find the directory 'C:/Users/sb734/Documents/project_new/processor.gen/sources_1', nor could it be found using path 'C:/Users/sek49/Documents/project_new/processor.gen/sources_1'.
CRITICAL WARNING: [Project 1-311] Could not find the file 'C:/Users/sb734/Documents/project_new/processor.srcs/sources_1/new/PWMSerializers.v', nor could it be found using path 'C:/Users/sek49/Documents/project_new/processor.srcs/sources_1/new/PWMSerializers.v'.
CRITICAL WARNING: [Project 1-311] Could not find the file 'C:/Users/sb734/Documents/project_new/processor.srcs/sources_1/new/iclk_gen.v', nor could it be found using path 'C:/Users/sek49/Documents/project_new/processor.srcs/sources_1/new/iclk_gen.v'.
CRITICAL WARNING: [Project 1-311] Could not find the file 'C:/Users/sb734/Documents/project_new/processor.srcs/sources_1/new/pwn.v', nor could it be found using path 'C:/Users/sek49/Documents/project_new/processor.srcs/sources_1/new/pwn.v'.
CRITICAL WARNING: [Project 1-311] Could not find the file 'C:/Users/sb734/Documents/project_new/processor.srcs/sources_1/new/seg7_control.v', nor could it be found using path 'C:/Users/sek49/Documents/project_new/processor.srcs/sources_1/new/seg7_control.v'.
CRITICAL WARNING: [Project 1-311] Could not find the file 'C:/Users/sb734/Documents/project_new/processor.srcs/sources_1/new/spi_master.v', nor could it be found using path 'C:/Users/sek49/Documents/project_new/processor.srcs/sources_1/new/spi_master.v'.
CRITICAL WARNING: [Project 1-311] Could not find the file 'C:/Users/sb734/Documents/project_new/processor.srcs/sources_1/new/top.v', nor could it be found using path 'C:/Users/sek49/Documents/project_new/processor.srcs/sources_1/new/top.v'.
CRITICAL WARNING: [Project 1-311] Could not find the file 'C:/Users/sb734/Documents/project_new/processor.srcs/sources_1/new/uart_rx.v', nor could it be found using path 'C:/Users/sek49/Documents/project_new/processor.srcs/sources_1/new/uart_rx.v'.
CRITICAL WARNING: [Project 1-311] Could not find the file 'C:/Users/sb734/Documents/project_new/processor.srcs/sources_1/new/uart_rx2.v', nor could it be found using path 'C:/Users/sek49/Documents/project_new/processor.srcs/sources_1/new/uart_rx2.v'.
CRITICAL WARNING: [Project 1-311] Could not find the file 'C:/Users/sb734/Documents/project_new/processor.srcs/sources_1/new/uart_tx.v', nor could it be found using path 'C:/Users/sek49/Documents/project_new/processor.srcs/sources_1/new/uart_tx.v'.
CRITICAL WARNING: [Project 1-311] Could not find the file 'C:/Users/sb734/Downloads/async/async.v', nor could it be found using path 'C:/Users/sek49/Downloads/async/async.v'.
CRITICAL WARNING: [Project 1-311] Could not find the file 'C:/Users/sb734/Documents/project_new/processor.srcs/sources_1/new/serialGPIO.v', nor could it be found using path 'C:/Users/sek49/Documents/project_new/processor.srcs/sources_1/new/serialGPIO.v'.
Scanning sources...
Finished scanning sources
INFO: [IP_Flow 19-234] Refreshing IP repositories
INFO: [IP_Flow 19-1704] No user IP repositories specified
INFO: [IP_Flow 19-2313] Loaded Vivado IP repository 'C:/Xilinx/Vivado/2021.1/data/ip'.
open_project: Time (s): cpu = 00:00:19 ; elapsed = 00:00:07 . Memory (MB): peak = 1329.434 ; gain = 0.000
update_compile_order -fileset sources_1
reset_run synth_1
WARNING: [Vivado 12-1017] Problems encountered:
1. Failed to delete one or more files in run directory C:/Users/sb734/Documents/project_new/processor.runs/synth_1

launch_runs synth_1 -jobs 6
[Sun Apr 21 13:16:48 2024] Launched synth_1...
Run output will be captured here: C:/Users/sb734/Documents/project_new/processor.runs/synth_1/runme.log
reset_run synth_1
WARNING: [Vivado 12-1017] Problems encountered:
1. Failed to delete one or more files in run directory C:/Users/sb734/Documents/project_new/processor.runs/synth_1

launch_runs synth_1 -jobs 6
[Sun Apr 21 13:18:16 2024] Launched synth_1...
Run output will be captured here: C:/Users/sb734/Documents/project_new/processor.runs/synth_1/runme.log
add_files -norecurse C:/Users/sb734/Documents/project_new/processor.srcs/sources_1/imports/240551425/pwn.v
update_compile_order -fileset sources_1
add_files -norecurse {C:/Users/sb734/Documents/project_new/processor.srcs/sources_1/imports/240551425/top.v C:/Users/sb734/Documents/project_new/processor.srcs/sources_1/imports/240551425/PWMSerializers.v}
update_compile_order -fileset sources_1
add_files -norecurse {C:/Users/sb734/Documents/project_new/processor.srcs/sources_1/imports/240551425/seg7_control.v C:/Users/sb734/Documents/project_new/processor.srcs/sources_1/imports/240551425/iclk_gen.v}
update_compile_order -fileset sources_1
add_files -norecurse C:/Users/sb734/Documents/project_new/processor.srcs/sources_1/imports/240551425/spi_master.v
update_compile_order -fileset sources_1
reset_run synth_1
WARNING: [Vivado 12-1017] Problems encountered:
1. Failed to delete one or more files in run directory C:/Users/sb734/Documents/project_new/processor.runs/synth_1

launch_runs synth_1 -jobs 6
[Sun Apr 21 13:27:34 2024] Launched synth_1...
Run output will be captured here: C:/Users/sb734/Documents/project_new/processor.runs/synth_1/runme.log
update_compile_order -fileset sources_1
reset_run synth_1
WARNING: [Vivado 12-1017] Problems encountered:
1. Failed to delete one or more files in run directory C:/Users/sb734/Documents/project_new/processor.runs/synth_1

launch_runs synth_1 -jobs 6
CRITICAL WARNING: [HDL 9-806] Syntax error near "gyro". [C:/Users/sb734/Documents/project_new/processor.srcs/sources_1/imports/240551425/processor.v:44]
[Sun Apr 21 13:50:46 2024] Launched synth_1...
Run output will be captured here: C:/Users/sb734/Documents/project_new/processor.runs/synth_1/runme.log
update_compile_order -fileset sources_1
reset_run synth_1
WARNING: [Vivado 12-1017] Problems encountered:
1. Failed to delete one or more files in run directory C:/Users/sb734/Documents/project_new/processor.runs/synth_1

launch_runs synth_1 -jobs 6
[Sun Apr 21 13:51:29 2024] Launched synth_1...
Run output will be captured here: C:/Users/sb734/Documents/project_new/processor.runs/synth_1/runme.log
reset_run synth_1
WARNING: [Vivado 12-1017] Problems encountered:
1. Failed to delete one or more files in run directory C:/Users/sb734/Documents/project_new/processor.runs/synth_1

launch_runs synth_1 -jobs 6
[Sun Apr 21 13:52:28 2024] Launched synth_1...
Run output will be captured here: C:/Users/sb734/Documents/project_new/processor.runs/synth_1/runme.log
launch_runs impl_1 -jobs 6
[Sun Apr 21 13:55:42 2024] Launched impl_1...
Run output will be captured here: C:/Users/sb734/Documents/project_new/processor.runs/impl_1/runme.log
launch_runs impl_1 -to_step write_bitstream -jobs 6
[Sun Apr 21 13:57:42 2024] Launched impl_1...
Run output will be captured here: C:/Users/sb734/Documents/project_new/processor.runs/impl_1/runme.log
open_hw_manager
connect_hw_server -allow_non_jtag
INFO: [Labtools 27-2285] Connecting to hw_server url TCP:localhost:3121
INFO: [Labtools 27-3415] Connecting to cs_server url TCP:localhost:3042
INFO: [Labtools 27-3414] Connected to existing cs_server.
open_hw_target
INFO: [Labtoolstcl 44-466] Opening hw_target localhost:3121/xilinx_tcf/Digilent/210292B065A5A
set_property PROGRAM.FILE {C:/Users/sb734/Documents/project_new/processor.runs/impl_1/Wrapper.bit} [get_hw_devices xc7a100t_0]
current_hw_device [get_hw_devices xc7a100t_0]
refresh_hw_device -update_hw_probes false [lindex [get_hw_devices xc7a100t_0] 0]
INFO: [Labtools 27-1434] Device xc7a100t (JTAG device index = 0) is programmed with a design that has no supported debug core(s) in it.
set_property PROBES.FILE {} [get_hw_devices xc7a100t_0]
set_property FULL_PROBES.FILE {} [get_hw_devices xc7a100t_0]
set_property PROGRAM.FILE {C:/Users/sb734/Documents/project_new/processor.runs/impl_1/Wrapper.bit} [get_hw_devices xc7a100t_0]
program_hw_devices [get_hw_devices xc7a100t_0]
INFO: [Labtools 27-3164] End of startup status: HIGH
refresh_hw_device [lindex [get_hw_devices xc7a100t_0] 0]
INFO: [Labtools 27-1434] Device xc7a100t (JTAG device index = 0) is programmed with a design that has no supported debug core(s) in it.
reset_run synth_1
WARNING: [Vivado 12-1017] Problems encountered:
1. Failed to delete one or more files in run directory C:/Users/sb734/Documents/project_new/processor.runs/synth_1

launch_runs synth_1 -jobs 6
[Sun Apr 21 14:40:21 2024] Launched synth_1...
Run output will be captured here: C:/Users/sb734/Documents/project_new/processor.runs/synth_1/runme.log
reset_run synth_1
WARNING: [Vivado 12-1017] Problems encountered:
1. Failed to delete one or more files in run directory C:/Users/sb734/Documents/project_new/processor.runs/synth_1

launch_runs synth_1 -jobs 6
[Sun Apr 21 15:11:54 2024] Launched synth_1...
Run output will be captured here: C:/Users/sb734/Documents/project_new/processor.runs/synth_1/runme.log
reset_run synth_1
WARNING: [Vivado 12-1017] Problems encountered:
1. Failed to delete one or more files in run directory C:/Users/sb734/Documents/project_new/processor.runs/synth_1

launch_runs synth_1 -jobs 6
[Sun Apr 21 15:12:44 2024] Launched synth_1...
Run output will be captured here: C:/Users/sb734/Documents/project_new/processor.runs/synth_1/runme.log
launch_runs impl_1 -jobs 6
[Sun Apr 21 15:13:34 2024] Launched impl_1...
Run output will be captured here: C:/Users/sb734/Documents/project_new/processor.runs/impl_1/runme.log
launch_runs impl_1 -to_step write_bitstream -jobs 6
[Sun Apr 21 15:14:30 2024] Launched impl_1...
Run output will be captured here: C:/Users/sb734/Documents/project_new/processor.runs/impl_1/runme.log
set_property PROBES.FILE {} [get_hw_devices xc7a100t_0]
set_property FULL_PROBES.FILE {} [get_hw_devices xc7a100t_0]
set_property PROGRAM.FILE {C:/Users/sb734/Documents/project_new/processor.runs/impl_1/Wrapper.bit} [get_hw_devices xc7a100t_0]
program_hw_devices [get_hw_devices xc7a100t_0]
INFO: [Labtools 27-3164] End of startup status: HIGH
refresh_hw_device [lindex [get_hw_devices xc7a100t_0] 0]
INFO: [Labtools 27-1434] Device xc7a100t (JTAG device index = 0) is programmed with a design that has no supported debug core(s) in it.
ERROR: [Labtoolstcl 44-513] HW Target shutdown. Closing target: localhost:3121/xilinx_tcf/Digilent/210292B065A5A
INFO: [Labtoolstcl 44-466] Opening hw_target localhost:3121/xilinx_tcf/Digilent/210292B065A5A
INFO: [Labtools 27-1434] Device xc7a100t (JTAG device index = 0) is programmed with a design that has no supported debug core(s) in it.
WARNING: [Labtoolstcl 44-129] No matching hw_ila_data was found.
ERROR: [Labtoolstcl 44-513] HW Target shutdown. Closing target: localhost:3121/xilinx_tcf/Digilent/210292B065A5A
INFO: [Labtoolstcl 44-466] Opening hw_target localhost:3121/xilinx_tcf/Digilent/210292B065A5A
INFO: [Labtools 27-1434] Device xc7a100t (JTAG device index = 0) is programmed with a design that has no supported debug core(s) in it.
WARNING: [Labtoolstcl 44-129] No matching hw_ila_data was found.
set_property PROBES.FILE {} [get_hw_devices xc7a100t_0]
set_property FULL_PROBES.FILE {} [get_hw_devices xc7a100t_0]
set_property PROGRAM.FILE {C:/Users/sb734/Documents/project_new/processor.runs/impl_1/Wrapper.bit} [get_hw_devices xc7a100t_0]
program_hw_devices [get_hw_devices xc7a100t_0]
INFO: [Labtools 27-3164] End of startup status: HIGH
refresh_hw_device [lindex [get_hw_devices xc7a100t_0] 0]
INFO: [Labtools 27-1434] Device xc7a100t (JTAG device index = 0) is programmed with a design that has no supported debug core(s) in it.
ERROR: [Labtoolstcl 44-513] HW Target shutdown. Closing target: localhost:3121/xilinx_tcf/Digilent/210292B065A5A
disconnect_hw_server localhost:3121
connect_hw_server -allow_non_jtag
INFO: [Labtools 27-2285] Connecting to hw_server url TCP:localhost:3121
INFO: [Labtools 27-3415] Connecting to cs_server url TCP:localhost:3042
INFO: [Labtools 27-3414] Connected to existing cs_server.
ERROR: [Labtoolstcl 44-494] There is no active target available for server at localhost.
 Targets(s) ", jsn-Nexys A7 -100T-210292B06761Ajsn-Nexys A7 -100T-210292B065A5A" may be locked by another hw_server.
disconnect_hw_server localhost:3121
connect_hw_server -allow_non_jtag
INFO: [Labtools 27-2285] Connecting to hw_server url TCP:localhost:3121
INFO: [Labtools 27-3415] Connecting to cs_server url TCP:localhost:3042
INFO: [Labtools 27-3414] Connected to existing cs_server.
open_hw_target
INFO: [Labtoolstcl 44-466] Opening hw_target localhost:3121/xilinx_tcf/Digilent/210292B065A5A
set_property PROGRAM.FILE {C:/Users/sb734/Documents/project_new/processor.runs/impl_1/Wrapper.bit} [get_hw_devices xc7a100t_0]
current_hw_device [get_hw_devices xc7a100t_0]
refresh_hw_device -update_hw_probes false [lindex [get_hw_devices xc7a100t_0] 0]
INFO: [Labtools 27-1434] Device xc7a100t (JTAG device index = 0) is programmed with a design that has no supported debug core(s) in it.
set_property PROBES.FILE {} [get_hw_devices xc7a100t_0]
set_property FULL_PROBES.FILE {} [get_hw_devices xc7a100t_0]
set_property PROGRAM.FILE {C:/Users/sb734/Documents/project_new/processor.runs/impl_1/Wrapper.bit} [get_hw_devices xc7a100t_0]
program_hw_devices [get_hw_devices xc7a100t_0]
INFO: [Labtools 27-3164] End of startup status: HIGH
refresh_hw_device [lindex [get_hw_devices xc7a100t_0] 0]
INFO: [Labtools 27-1434] Device xc7a100t (JTAG device index = 0) is programmed with a design that has no supported debug core(s) in it.
add_files -norecurse C:/Users/sb734/Downloads/project.mem
reset_run synth_1
WARNING: [Vivado 12-1017] Problems encountered:
1. Failed to delete one or more files in run directory C:/Users/sb734/Documents/project_new/processor.runs/synth_1

launch_runs impl_1 -to_step write_bitstream -jobs 6
[Sun Apr 21 18:02:26 2024] Launched synth_1...
Run output will be captured here: C:/Users/sb734/Documents/project_new/processor.runs/synth_1/runme.log
[Sun Apr 21 18:02:26 2024] Launched impl_1...
Run output will be captured here: C:/Users/sb734/Documents/project_new/processor.runs/impl_1/runme.log
open_run impl_1
INFO: [Device 21-403] Loading part xc7a100tcsg324-1
Netlist sorting complete. Time (s): cpu = 00:00:00 ; elapsed = 00:00:00.104 . Memory (MB): peak = 3440.215 ; gain = 0.000
INFO: [Netlist 29-17] Analyzing 22 Unisim elements for replacement
INFO: [Netlist 29-28] Unisim Transformation completed in 0 CPU seconds
INFO: [Project 1-479] Netlist was created with Vivado 2021.1
INFO: [Project 1-570] Preparing netlist for logic optimization
INFO: [Timing 38-478] Restoring timing data from binary archive.
INFO: [Timing 38-479] Binary timing data restore complete.
INFO: [Project 1-856] Restoring constraints from binary archive.
INFO: [Project 1-853] Binary constraint restore complete.
Reading XDEF placement.
Reading placer database...
Reading XDEF routing.
Read XDEF File: Time (s): cpu = 00:00:00 ; elapsed = 00:00:00.349 . Memory (MB): peak = 4158.000 ; gain = 0.000
Restored from archive | CPU: 0.000000 secs | Memory: 0.000000 MB |
Finished XDEF File Restore: Time (s): cpu = 00:00:00 ; elapsed = 00:00:00.349 . Memory (MB): peak = 4158.000 ; gain = 0.000
Netlist sorting complete. Time (s): cpu = 00:00:00 ; elapsed = 00:00:00.004 . Memory (MB): peak = 4158.000 ; gain = 0.000
INFO: [Project 1-111] Unisim Transformation Summary:
No Unisim elements were transformed.

open_run: Time (s): cpu = 00:00:18 ; elapsed = 00:00:14 . Memory (MB): peak = 4285.973 ; gain = 1139.727
CRITICAL WARNING: [Timing 38-282] The design failed to meet the timing requirements. Please see the timing summary report for details on the timing violations.
set_property PROBES.FILE {} [get_hw_devices xc7a100t_0]
set_property FULL_PROBES.FILE {} [get_hw_devices xc7a100t_0]
set_property PROGRAM.FILE {C:/Users/sb734/Documents/project_new/processor.runs/impl_1/Wrapper.bit} [get_hw_devices xc7a100t_0]
program_hw_devices [get_hw_devices xc7a100t_0]
INFO: [Labtools 27-3164] End of startup status: HIGH
refresh_hw_device [lindex [get_hw_devices xc7a100t_0] 0]
INFO: [Labtools 27-1434] Device xc7a100t (JTAG device index = 0) is programmed with a design that has no supported debug core(s) in it.
exit
INFO: [Common 17-206] Exiting Vivado at Sun Apr 21 18:51:39 2024...
